<?xml version="1.0" encoding="UTF-8"?>
<!-- Generated by org.testng.reporters.JUnitReportReporter -->
<testsuite hostname="RICKEY" failures="0" tests="2" name="framework.demo2" time="0.025" errors="0" timestamp="2021-03-19T22:29:36 IST" skipped="0">
  <testcase classname="framework.demo2" name="test1" time="0.021"/>
  <system-out/>
  <testcase classname="framework.demo2" name="test2" time="0.004"/>
  <system-out/>
</testsuite> <!-- framework.demo2 -->
