<?xml version="1.0" encoding="UTF-8"?>
<!-- Generated by org.testng.reporters.JUnitReportReporter -->
<testsuite hostname="RICKEY" failures="0" tests="3" name="framework.priority" time="58.060" errors="0" timestamp="2021-03-21T10:33:33 IST" skipped="0">
  <testcase classname="framework.priority" name="a" time="17.505"/>
  <system-out/>
  <testcase classname="framework.priority" name="b" time="18.537"/>
  <system-out/>
  <testcase classname="framework.priority" name="c" time="22.018"/>
  <system-out/>
</testsuite> <!-- framework.priority -->
