<?xml version="1.0" encoding="UTF-8"?>
<!-- Generated by org.testng.reporters.JUnitReportReporter -->
<testsuite hostname="RICKEY" failures="0" tests="2" name="testcases.excelsingupwithdata" time="53.219" errors="0" timestamp="2021-03-30T09:46:42 IST" skipped="0">
  <testcase classname="testcases.excelsingupwithdata" name="exceldata01" time="29.732"/>
  <system-out/>
  <testcase classname="testcases.excelsingupwithdata" name="exceldata" time="23.487"/>
  <system-out/>
</testsuite> <!-- testcases.excelsingupwithdata -->
