<?xml version="1.0" encoding="UTF-8"?>
<!-- Generated by org.testng.reporters.JUnitReportReporter -->
<testsuite hostname="RICKEY" failures="0" tests="2" name="testcases.Logtest" time="28.536" errors="0" timestamp="2021-03-30T09:46:42 IST" skipped="0">
  <testcase classname="testcases.Logtest" name="Print01" time="15.914"/>
  <system-out/>
  <testcase classname="testcases.Logtest" name="Print" time="12.622"/>
  <system-out/>
</testsuite> <!-- testcases.Logtest -->
