<?xml version="1.0" encoding="UTF-8"?>
<!-- Generated by org.testng.reporters.JUnitReportReporter -->
<testsuite hostname="RICKEY" failures="0" tests="2" name="framework.program1" time="0.025" errors="0" timestamp="2021-03-17T22:13:31 IST" skipped="0">
  <testcase classname="framework.program1" name="f" time="0.020"/>
  <system-out/>
  <testcase classname="framework.program1" name="f2" time="0.005"/>
  <system-out/>
</testsuite> <!-- framework.program1 -->
