<?xml version="1.0" encoding="UTF-8"?>
<!-- Generated by org.testng.reporters.JUnitReportReporter -->
<testsuite hostname="RICKEY" failures="0" tests="2" name="framework.demo6" time="41.574" errors="0" timestamp="2021-03-19T22:34:11 IST" skipped="0">
  <testcase classname="framework.demo6" name="test2" time="25.251"/>
  <system-out/>
  <testcase classname="framework.demo6" name="test1" time="16.323"/>
  <system-out/>
</testsuite> <!-- framework.demo6 -->
