<?xml version="1.0" encoding="UTF-8"?>
<!-- Generated by org.testng.reporters.JUnitReportReporter -->
<testsuite hostname="RICKEY" failures="0" tests="3" name="framework.enabledisable" time="16.830" errors="0" timestamp="2021-03-21T10:47:33 IST" skipped="2">
  <testcase classname="framework.enabledisable" name="a" time="16.830"/>
  <system-out/>
  <testcase classname="framework.enabledisable" name="c">
    <skipped/>
  </testcase> <!-- c -->
  <system-out/>
  <testcase classname="framework.enabledisable" name="b">
    <skipped/>
  </testcase> <!-- b -->
  <system-out/>
</testsuite> <!-- framework.enabledisable -->
