<?xml version="1.0" encoding="UTF-8"?>
<!-- Generated by org.testng.reporters.JUnitReportReporter -->
<testsuite hostname="RICKEY" failures="0" tests="3" name="framework.demo7" time="65.446" errors="0" timestamp="2021-03-21T10:12:13 IST" skipped="0">
  <testcase classname="framework.demo7" name="a" time="19.457"/>
  <system-out/>
  <testcase classname="framework.demo7" name="b" time="26.156"/>
  <system-out/>
  <testcase classname="framework.demo7" name="c" time="19.833"/>
  <system-out/>
</testsuite> <!-- framework.demo7 -->
