<?xml version="1.0" encoding="UTF-8"?>
<!-- Generated by org.testng.reporters.JUnitReportReporter -->
<testsuite hostname="RICKEY" failures="0" tests="2" name="framework.demo4" time="0.037" errors="0" timestamp="2021-03-17T22:37:59 IST" skipped="0">
  <testcase classname="framework.demo4" name="test1" time="0.027"/>
  <system-out/>
  <testcase classname="framework.demo4" name="test2" time="0.010"/>
  <system-out/>
</testsuite> <!-- framework.demo4 -->
