<?xml version="1.0" encoding="UTF-8"?>
<!-- Generated by org.testng.reporters.JUnitReportReporter -->
<testsuite hostname="RICKEY" failures="0" tests="2" name="framework.demo1" time="0.026" errors="0" timestamp="2021-03-17T22:17:27 IST" skipped="0">
  <testcase classname="framework.demo1" name="test1" time="0.014"/>
  <system-out/>
  <testcase classname="framework.demo1" name="test2" time="0.012"/>
  <system-out/>
</testsuite> <!-- framework.demo1 -->
