<?xml version="1.0" encoding="UTF-8"?>
<!-- Generated by org.testng.reporters.JUnitReportReporter -->
<testsuite hostname="RICKEY" failures="0" tests="1" name="framework.validateweb" time="14.475" errors="0" timestamp="2021-03-21T12:21:51 IST" skipped="0">
  <testcase classname="framework.validateweb" name="valid" time="14.475"/>
  <system-out/>
</testsuite> <!-- framework.validateweb -->
