<?xml version="1.0" encoding="UTF-8"?>
<!-- Generated by org.testng.reporters.JUnitReportReporter -->
<testsuite hostname="RICKEY" failures="0" tests="2" name="testcases.Homepagetestcase" time="43.581" errors="0" timestamp="2021-03-30T09:46:42 IST" skipped="0">
  <testcase classname="testcases.Homepagetestcase" name="validsignup" time="22.866"/>
  <system-out/>
  <testcase classname="testcases.Homepagetestcase" name="contactus_01" time="20.715"/>
  <system-out/>
</testsuite> <!-- testcases.Homepagetestcase -->
