<?xml version="1.0" encoding="UTF-8"?>
<!-- Generated by org.testng.reporters.JUnitReportReporter -->
<testsuite hostname="RICKEY" failures="0" tests="3" name="testcases.Createaccounttestcases" time="164.766" errors="0" timestamp="2021-04-02T16:06:28 IST" skipped="0">
  <testcase classname="testcases.Createaccounttestcases" name="account_013" time="76.278"/>
  <system-out/>
  <testcase classname="testcases.Createaccounttestcases" name="account_012" time="47.845"/>
  <system-out/>
  <testcase classname="testcases.Createaccounttestcases" name="account_0123" time="40.643"/>
  <system-out/>
</testsuite> <!-- testcases.Createaccounttestcases -->
