<?xml version="1.0" encoding="UTF-8"?>
<!-- Generated by org.testng.reporters.JUnitReportReporter -->
<testsuite hostname="RICKEY" failures="0" tests="1" name="testing.Createaccounttestcases" time="34.561" errors="0" timestamp="2021-03-24T00:12:44 IST" skipped="0">
  <testcase classname="testing.Createaccounttestcases" name="account_012" time="34.561"/>
  <system-out/>
</testsuite> <!-- testing.Createaccounttestcases -->
