<?xml version="1.0" encoding="UTF-8"?>
<!-- Generated by org.testng.reporters.JUnitReportReporter -->
<testsuite hostname="RICKEY" failures="0" tests="2" name="testing.Homepagetestcase" time="50.818" errors="0" timestamp="2021-03-24T00:00:36 IST" skipped="0">
  <testcase classname="testing.Homepagetestcase" name="validsignup" time="27.069"/>
  <system-out/>
  <testcase classname="testing.Homepagetestcase" name="contactus_01" time="23.749"/>
  <system-out/>
</testsuite> <!-- testing.Homepagetestcase -->
