<?xml version="1.0" encoding="UTF-8"?>
<!-- Generated by org.testng.reporters.JUnitReportReporter -->
<testsuite hostname="RICKEY" failures="0" tests="3" name="framework.demo3" time="0.042" errors="0" timestamp="2021-03-17T22:33:15 IST" skipped="0">
  <testcase classname="framework.demo3" name="test2" time="0.007"/>
  <system-out/>
  <testcase classname="framework.demo3" name="test3" time="0.006"/>
  <system-out/>
  <testcase classname="framework.demo3" name="test1" time="0.029"/>
  <system-out/>
</testsuite> <!-- framework.demo3 -->
