<?xml version="1.0" encoding="UTF-8"?>
<!-- Generated by org.testng.reporters.JUnitReportReporter -->
<testsuite hostname="RICKEY" failures="0" tests="2" name="framework.demo5" time="0.021" errors="0" timestamp="2021-03-19T21:48:03 IST" skipped="0">
  <testcase classname="framework.demo5" name="test1" time="0.010"/>
  <system-out/>
  <testcase classname="framework.demo5" name="test2" time="0.011"/>
  <system-out/>
</testsuite> <!-- framework.demo5 -->
